2020-01-23T15:26:17.780615Z 0 [Warning] TIMESTAMP with implicit DEFAULT value is deprecated. Please use --explicit_defaults_for_timestamp server option (see documentation for more details).
2020-01-23T15:26:18.388323Z 0 [Warning] InnoDB: New log files created, LSN=45790
2020-01-23T15:26:18.483802Z 0 [Warning] InnoDB: Creating foreign key constraint system tables.
2020-01-23T15:26:18.500692Z 0 [Warning] No existing UUID has been found, so we assume that this is the first time that this server has been started. Generating a new UUID: b3bc6e42-3df4-11ea-af56-0242ac140002.
2020-01-23T15:26:18.503245Z 0 [Warning] Gtid table is not ready to be used. Table 'mysql.gtid_executed' cannot be opened.
2020-01-23T15:26:18.914544Z 0 [Warning] CA certificate ca.pem is self signed.
2020-01-23T15:26:19.129509Z 1 [Warning] root@localhost is created with an empty password ! Please consider switching off the --initialize-insecure option.
2020-01-23T15:26:23.845799Z 0 [Warning] TIMESTAMP with implicit DEFAULT value is deprecated. Please use --explicit_defaults_for_timestamp server option (see documentation for more details).
2020-01-23T15:26:23.852926Z 0 [Note] mysqld (mysqld 5.7.28-log) starting as process 81 ...
2020-01-23T15:26:23.862346Z 0 [Note] InnoDB: PUNCH HOLE support available
2020-01-23T15:26:23.862779Z 0 [Note] InnoDB: Mutexes and rw_locks use GCC atomic builtins
2020-01-23T15:26:23.863023Z 0 [Note] InnoDB: Uses event mutexes
2020-01-23T15:26:23.863262Z 0 [Note] InnoDB: GCC builtin __atomic_thread_fence() is used for memory barrier
2020-01-23T15:26:23.863487Z 0 [Note] InnoDB: Compressed tables use zlib 1.2.11
2020-01-23T15:26:23.863734Z 0 [Note] InnoDB: Using Linux native AIO
2020-01-23T15:26:23.864735Z 0 [Note] InnoDB: Number of pools: 1
2020-01-23T15:26:23.865341Z 0 [Note] InnoDB: Using CPU crc32 instructions
2020-01-23T15:26:23.870857Z 0 [Note] InnoDB: Initializing buffer pool, total size = 128M, instances = 1, chunk size = 128M
2020-01-23T15:26:23.898143Z 0 [Note] InnoDB: Completed initialization of buffer pool
2020-01-23T15:26:23.907642Z 0 [Note] InnoDB: If the mysqld execution user is authorized, page cleaner thread priority can be changed. See the man page of setpriority().
2020-01-23T15:26:23.924441Z 0 [Note] InnoDB: Highest supported file format is Barracuda.
2020-01-23T15:26:23.939918Z 0 [Note] InnoDB: Creating shared tablespace for temporary tables
2020-01-23T15:26:23.940435Z 0 [Note] InnoDB: Setting file './ibtmp1' size to 12 MB. Physically writing the file full; Please wait ...
2020-01-23T15:26:24.001583Z 0 [Note] InnoDB: File './ibtmp1' size is now 12 MB.
2020-01-23T15:26:24.003668Z 0 [Note] InnoDB: 96 redo rollback segment(s) found. 96 redo rollback segment(s) are active.
2020-01-23T15:26:24.003919Z 0 [Note] InnoDB: 32 non-redo rollback segment(s) are active.
2020-01-23T15:26:24.005232Z 0 [Note] InnoDB: 5.7.28 started; log sequence number 2628227
2020-01-23T15:26:24.005598Z 0 [Note] InnoDB: Loading buffer pool(s) from /var/lib/mysql/ib_buffer_pool
2020-01-23T15:26:24.006645Z 0 [Note] Plugin 'FEDERATED' is disabled.
2020-01-23T15:26:24.010358Z 0 [Note] InnoDB: Buffer pool(s) load completed at 200124  0:26:23
2020-01-23T15:26:24.036736Z 0 [Note] Found ca.pem, server-cert.pem and server-key.pem in data directory. Trying to enable SSL support using them.
2020-01-23T15:26:24.036960Z 0 [Note] Skipping generation of SSL certificates as certificate files are present in data directory.
2020-01-23T15:26:24.037726Z 0 [Warning] CA certificate ca.pem is self signed.
2020-01-23T15:26:24.038053Z 0 [Note] Skipping generation of RSA key pair as key files are present in data directory.
2020-01-23T15:26:24.040540Z 0 [Warning] Insecure configuration for --pid-file: Location '/var/run/mysqld' in the path is accessible to all OS users. Consider choosing a different directory.
2020-01-23T15:26:24.050380Z 0 [Note] Event Scheduler: Loaded 0 events
2020-01-23T15:26:24.051431Z 0 [Note] mysqld: ready for connections.
Version: '5.7.28-log'  socket: '/var/run/mysqld/mysqld.sock'  port: 0  MySQL Community Server (GPL)
2020-01-23T15:26:30.358839Z 0 [Note] Giving 0 client threads a chance to die gracefully
2020-01-23T15:26:30.359441Z 0 [Note] Shutting down slave threads
2020-01-23T15:26:30.359612Z 0 [Note] Forcefully disconnecting 0 remaining clients
2020-01-23T15:26:30.359802Z 0 [Note] Event Scheduler: Purging the queue. 0 events
2020-01-23T15:26:30.360051Z 0 [Note] Binlog end
2020-01-23T15:26:30.360666Z 0 [Note] Shutting down plugin 'ngram'
2020-01-23T15:26:30.360942Z 0 [Note] Shutting down plugin 'partition'
2020-01-23T15:26:30.361190Z 0 [Note] Shutting down plugin 'BLACKHOLE'
2020-01-23T15:26:30.361429Z 0 [Note] Shutting down plugin 'ARCHIVE'
2020-01-23T15:26:30.361617Z 0 [Note] Shutting down plugin 'PERFORMANCE_SCHEMA'
2020-01-23T15:26:30.361822Z 0 [Note] Shutting down plugin 'MRG_MYISAM'
2020-01-23T15:26:30.362022Z 0 [Note] Shutting down plugin 'MyISAM'
2020-01-23T15:26:30.362272Z 0 [Note] Shutting down plugin 'INNODB_SYS_VIRTUAL'
2020-01-23T15:26:30.362671Z 0 [Note] Shutting down plugin 'INNODB_SYS_DATAFILES'
2020-01-23T15:26:30.362869Z 0 [Note] Shutting down plugin 'INNODB_SYS_TABLESPACES'
2020-01-23T15:26:30.363075Z 0 [Note] Shutting down plugin 'INNODB_SYS_FOREIGN_COLS'
2020-01-23T15:26:30.363305Z 0 [Note] Shutting down plugin 'INNODB_SYS_FOREIGN'
2020-01-23T15:26:30.363492Z 0 [Note] Shutting down plugin 'INNODB_SYS_FIELDS'
2020-01-23T15:26:30.363705Z 0 [Note] Shutting down plugin 'INNODB_SYS_COLUMNS'
2020-01-23T15:26:30.363894Z 0 [Note] Shutting down plugin 'INNODB_SYS_INDEXES'
2020-01-23T15:26:30.364077Z 0 [Note] Shutting down plugin 'INNODB_SYS_TABLESTATS'
2020-01-23T15:26:30.364258Z 0 [Note] Shutting down plugin 'INNODB_SYS_TABLES'
2020-01-23T15:26:30.364450Z 0 [Note] Shutting down plugin 'INNODB_FT_INDEX_TABLE'
2020-01-23T15:26:30.364644Z 0 [Note] Shutting down plugin 'INNODB_FT_INDEX_CACHE'
2020-01-23T15:26:30.364831Z 0 [Note] Shutting down plugin 'INNODB_FT_CONFIG'
2020-01-23T15:26:30.365013Z 0 [Note] Shutting down plugin 'INNODB_FT_BEING_DELETED'
2020-01-23T15:26:30.365223Z 0 [Note] Shutting down plugin 'INNODB_FT_DELETED'
2020-01-23T15:26:30.365380Z 0 [Note] Shutting down plugin 'INNODB_FT_DEFAULT_STOPWORD'
2020-01-23T15:26:30.365679Z 0 [Note] Shutting down plugin 'INNODB_METRICS'
2020-01-23T15:26:30.365944Z 0 [Note] Shutting down plugin 'INNODB_TEMP_TABLE_INFO'
2020-01-23T15:26:30.366159Z 0 [Note] Shutting down plugin 'INNODB_BUFFER_POOL_STATS'
2020-01-23T15:26:30.366370Z 0 [Note] Shutting down plugin 'INNODB_BUFFER_PAGE_LRU'
2020-01-23T15:26:30.366580Z 0 [Note] Shutting down plugin 'INNODB_BUFFER_PAGE'
2020-01-23T15:26:30.366797Z 0 [Note] Shutting down plugin 'INNODB_CMP_PER_INDEX_RESET'
2020-01-23T15:26:30.367078Z 0 [Note] Shutting down plugin 'INNODB_CMP_PER_INDEX'
2020-01-23T15:26:30.367343Z 0 [Note] Shutting down plugin 'INNODB_CMPMEM_RESET'
2020-01-23T15:26:30.367606Z 0 [Note] Shutting down plugin 'INNODB_CMPMEM'
2020-01-23T15:26:30.367829Z 0 [Note] Shutting down plugin 'INNODB_CMP_RESET'
2020-01-23T15:26:30.368092Z 0 [Note] Shutting down plugin 'INNODB_CMP'
2020-01-23T15:26:30.368417Z 0 [Note] Shutting down plugin 'INNODB_LOCK_WAITS'
2020-01-23T15:26:30.368639Z 0 [Note] Shutting down plugin 'INNODB_LOCKS'
2020-01-23T15:26:30.368849Z 0 [Note] Shutting down plugin 'INNODB_TRX'
2020-01-23T15:26:30.369059Z 0 [Note] Shutting down plugin 'InnoDB'
2020-01-23T15:26:30.369369Z 0 [Note] InnoDB: FTS optimize thread exiting.
2020-01-23T15:26:30.369746Z 0 [Note] InnoDB: Starting shutdown...
2020-01-23T15:26:30.470387Z 0 [Note] InnoDB: Dumping buffer pool(s) to /var/lib/mysql/ib_buffer_pool
2020-01-23T15:26:30.471194Z 0 [Note] InnoDB: Buffer pool(s) dump completed at 200124  0:26:30
2020-01-23T15:26:31.890937Z 0 [Note] InnoDB: Shutdown completed; log sequence number 12440100
2020-01-23T15:26:31.893729Z 0 [Note] InnoDB: Removed temporary tablespace data file: "ibtmp1"
2020-01-23T15:26:31.894380Z 0 [Note] Shutting down plugin 'MEMORY'
2020-01-23T15:26:31.894940Z 0 [Note] Shutting down plugin 'CSV'
2020-01-23T15:26:31.895380Z 0 [Note] Shutting down plugin 'sha256_password'
2020-01-23T15:26:31.895832Z 0 [Note] Shutting down plugin 'mysql_native_password'
2020-01-23T15:26:31.896409Z 0 [Note] Shutting down plugin 'binlog'
2020-01-23T15:26:31.899632Z 0 [Note] mysqld: Shutdown complete

2020-01-23T15:26:32.562109Z 0 [Warning] TIMESTAMP with implicit DEFAULT value is deprecated. Please use --explicit_defaults_for_timestamp server option (see documentation for more details).
2020-01-23T15:26:32.563345Z 0 [Note] mysqld (mysqld 5.7.28-log) starting as process 1 ...
2020-01-23T15:26:32.569053Z 0 [Note] InnoDB: PUNCH HOLE support available
2020-01-23T15:26:32.569339Z 0 [Note] InnoDB: Mutexes and rw_locks use GCC atomic builtins
2020-01-23T15:26:32.569656Z 0 [Note] InnoDB: Uses event mutexes
2020-01-23T15:26:32.569917Z 0 [Note] InnoDB: GCC builtin __atomic_thread_fence() is used for memory barrier
2020-01-23T15:26:32.570200Z 0 [Note] InnoDB: Compressed tables use zlib 1.2.11
2020-01-23T15:26:32.570531Z 0 [Note] InnoDB: Using Linux native AIO
2020-01-23T15:26:32.570999Z 0 [Note] InnoDB: Number of pools: 1
2020-01-23T15:26:32.571343Z 0 [Note] InnoDB: Using CPU crc32 instructions
2020-01-23T15:26:32.572730Z 0 [Note] InnoDB: Initializing buffer pool, total size = 128M, instances = 1, chunk size = 128M
2020-01-23T15:26:32.580645Z 0 [Note] InnoDB: Completed initialization of buffer pool
2020-01-23T15:26:32.583148Z 0 [Note] InnoDB: If the mysqld execution user is authorized, page cleaner thread priority can be changed. See the man page of setpriority().
2020-01-23T15:26:32.595653Z 0 [Note] InnoDB: Highest supported file format is Barracuda.
2020-01-23T15:26:32.604565Z 0 [Note] InnoDB: Creating shared tablespace for temporary tables
2020-01-23T15:26:32.605086Z 0 [Note] InnoDB: Setting file './ibtmp1' size to 12 MB. Physically writing the file full; Please wait ...
2020-01-23T15:26:32.622603Z 0 [Note] InnoDB: File './ibtmp1' size is now 12 MB.
2020-01-23T15:26:32.623856Z 0 [Note] InnoDB: 96 redo rollback segment(s) found. 96 redo rollback segment(s) are active.
2020-01-23T15:26:32.624130Z 0 [Note] InnoDB: 32 non-redo rollback segment(s) are active.
2020-01-23T15:26:32.625089Z 0 [Note] InnoDB: 5.7.28 started; log sequence number 12440100
2020-01-23T15:26:32.625631Z 0 [Note] InnoDB: Loading buffer pool(s) from /var/lib/mysql/ib_buffer_pool
2020-01-23T15:26:32.625836Z 0 [Note] Plugin 'FEDERATED' is disabled.
2020-01-23T15:26:32.628095Z 0 [Note] InnoDB: Buffer pool(s) load completed at 200124  0:26:32
2020-01-23T15:26:32.640113Z 0 [Note] Found ca.pem, server-cert.pem and server-key.pem in data directory. Trying to enable SSL support using them.
2020-01-23T15:26:32.640479Z 0 [Note] Skipping generation of SSL certificates as certificate files are present in data directory.
2020-01-23T15:26:32.641298Z 0 [Warning] CA certificate ca.pem is self signed.
2020-01-23T15:26:32.641565Z 0 [Note] Skipping generation of RSA key pair as key files are present in data directory.
2020-01-23T15:26:32.642083Z 0 [Note] Server hostname (bind-address): '*'; port: 3306
2020-01-23T15:26:32.642348Z 0 [Note] IPv6 is available.
2020-01-23T15:26:32.642600Z 0 [Note]   - '::' resolves to '::';
2020-01-23T15:26:32.642845Z 0 [Note] Server socket created on IP: '::'.
2020-01-23T15:26:32.644647Z 0 [Warning] Insecure configuration for --pid-file: Location '/var/run/mysqld' in the path is accessible to all OS users. Consider choosing a different directory.
2020-01-23T15:26:32.653938Z 0 [Note] Event Scheduler: Loaded 0 events
2020-01-23T15:26:32.655497Z 0 [Note] mysqld: ready for connections.
Version: '5.7.28-log'  socket: '/var/run/mysqld/mysqld.sock'  port: 3306  MySQL Community Server (GPL)
